e:\volha\semester 7\computer-graphics\ortogonalsegmentintersection\ortogonalsegmentintersection\x64\debug\ortogonalsegmentintersection.obj
e:\volha\semester 7\computer-graphics\ortogonalsegmentintersection\ortogonalsegmentintersection\x64\debug\moc_ortogonalsegmentintersection.obj
e:\volha\semester 7\computer-graphics\ortogonalsegmentintersection\ortogonalsegmentintersection\x64\debug\segment.obj
e:\volha\semester 7\computer-graphics\ortogonalsegmentintersection\ortogonalsegmentintersection\x64\debug\qrc_ortogonalsegmentintersection.obj
e:\volha\semester 7\computer-graphics\ortogonalsegmentintersection\ortogonalsegmentintersection\x64\debug\main.obj
e:\volha\semester 7\computer-graphics\ortogonalsegmentintersection\ortogonalsegmentintersection\.\generatedfiles\debug\moc_ortogonalsegmentintersection.cpp
e:\volha\semester 7\computer-graphics\ortogonalsegmentintersection\ortogonalsegmentintersection\generatedfiles\ui_ortogonalsegmentintersection.h
e:\volha\semester 7\computer-graphics\ortogonalsegmentintersection\ortogonalsegmentintersection\generatedfiles\qrc_ortogonalsegmentintersection.cpp
e:\volha\semester 7\computer-graphics\ortogonalsegmentintersection\ortogonalsegmentintersection\generatedfiles\debug\moc_ortogonalsegmentintersection.cpp
e:\volha\semester 7\computer-graphics\ortogonalsegmentintersection\ortogonalsegmentintersection\.\generatedfiles\qrc_ortogonalsegmentintersection.cpp
e:\volha\semester 7\computer-graphics\ortogonalsegmentintersection\ortogonalsegmentintersection\.\generatedfiles\ui_ortogonalsegmentintersection.h
e:\volha\semester 7\computer-graphics\ortogonalsegmentintersection\ortogonalsegmentintersection\x64\debug\vc141.pdb
e:\volha\semester 7\computer-graphics\ortogonalsegmentintersection\ortogonalsegmentintersection\x64\debug\ortogona.b12702ad.tlog\cl.command.1.tlog
e:\volha\semester 7\computer-graphics\ortogonalsegmentintersection\ortogonalsegmentintersection\x64\debug\ortogona.b12702ad.tlog\cl.read.1.tlog
e:\volha\semester 7\computer-graphics\ortogonalsegmentintersection\ortogonalsegmentintersection\x64\debug\ortogona.b12702ad.tlog\cl.write.1.tlog
e:\volha\semester 7\computer-graphics\ortogonalsegmentintersection\ortogonalsegmentintersection\x64\debug\ortogona.b12702ad.tlog\moc.read.1u.tlog
e:\volha\semester 7\computer-graphics\ortogonalsegmentintersection\ortogonalsegmentintersection\x64\debug\ortogona.b12702ad.tlog\moc.write.1u.tlog
e:\volha\semester 7\computer-graphics\ortogonalsegmentintersection\ortogonalsegmentintersection\x64\debug\ortogona.b12702ad.tlog\ortogonalsegmentintersection.write.1u.tlog
e:\volha\semester 7\computer-graphics\ortogonalsegmentintersection\ortogonalsegmentintersection\x64\debug\ortogona.b12702ad.tlog\rcc.read.1u.tlog
e:\volha\semester 7\computer-graphics\ortogonalsegmentintersection\ortogonalsegmentintersection\x64\debug\ortogona.b12702ad.tlog\rcc.write.1u.tlog
e:\volha\semester 7\computer-graphics\ortogonalsegmentintersection\ortogonalsegmentintersection\x64\debug\ortogona.b12702ad.tlog\uic.read.1u.tlog
e:\volha\semester 7\computer-graphics\ortogonalsegmentintersection\ortogonalsegmentintersection\x64\debug\ortogona.b12702ad.tlog\uic.write.1u.tlog
